TN:
SF:src/StakingApp.sol
DA:24,14
FN:24,StakingApp.constructor
FNDA:14,StakingApp.constructor
DA:31,14
DA:32,14
DA:33,14
DA:34,14
DA:37,6
FN:37,StakingApp.depositTokens
FNDA:6,StakingApp.depositTokens
DA:38,6
BRDA:38,0,0,1
BRDA:38,0,1,5
DA:40,5
DA:41,5
DA:42,5
DA:44,5
DA:47,1
FN:47,StakingApp.withdrawTokens
FNDA:1,StakingApp.withdrawTokens
DA:51,1
DA:52,1
DA:53,1
DA:56,3
FN:56,StakingApp.claimReward
FNDA:3,StakingApp.claimReward
DA:57,3
BRDA:57,1,0,1
BRDA:57,1,1,2
DA:59,2
DA:60,2
BRDA:60,2,0,1
BRDA:60,2,1,1
DA:62,1
DA:65,1
DA:66,1
BRDA:66,3,0,-
BRDA:66,3,1,1
DA:70,1
FN:70,StakingApp.receive
FNDA:1,StakingApp.receive
DA:71,1
DA:74,2
FN:74,StakingApp.changeStakingPeriod
FNDA:2,StakingApp.changeStakingPeriod
DA:75,1
DA:76,1
DA:79,2
FN:79,StakingApp.changeStakingAmount
FNDA:2,StakingApp.changeStakingAmount
DA:80,1
DA:81,1
FNF:7
FNH:7
LF:30
LH:30
BRF:8
BRH:7
end_of_record
TN:
SF:src/StakingToken.sol
DA:10,6
FN:10,StakingToken.mint
FNDA:6,StakingToken.mint
DA:11,6
FNF:1
FNH:1
LF:2
LH:2
BRF:0
BRH:0
end_of_record
